time=2025-02-11T16:40:37.552+08:00 level=INFO source=/go/src/go-musicfox/internal/ui/player.go:460 msg="Start play song" url=file:///home/loner/.config/go-musicfox/cache/2645500113-2.mp3 type=mp3 song="{Id:2645500113 Name:跳楼机 Alg: Duration:3m21.696s Artists:[{Id:12277194 Name:LBI利比}] Album:{Id:253470318 Name:跳楼机 PicUrl:http://p2.music.126.net/hbQZUloyJqQJxaPEZFY-5g==/109951170141958066.jpg Artists:[]}}"
time=2025-02-11T16:40:37.661+08:00 level=ERROR source=/go/src/go-musicfox/internal/lastfm/api.go:51 msg="Lastfm other err" error="empty session key\ngithub.com/go-musicfox/go-musicfox/internal/lastfm.(*Client).UpdateNowPlaying\n\t/go/src/go-musicfox/internal/lastfm/api.go:91\ngithub.com/go-musicfox/go-musicfox/internal/lastfm.Report.func1\n\t/go/src/go-musicfox/internal/lastfm/api.go:148\nruntime.goexit\n\t/usr/local/go/src/runtime/asm_amd64.s:1695"
time=2025-02-11T16:40:37.662+08:00 level=INFO source=/go/src/go-musicfox/internal/player/beep_player.go:205 msg="current song sample rate" sample_rate=48000
time=2025-02-11T16:40:42.491+08:00 level=INFO source=:0 msg="Next requested"
time=2025-02-11T16:40:42.505+08:00 level=INFO source=/go/src/go-musicfox/utils/storagex/cache.go:102 msg="get play url of song" song=2055507089 level=higher
time=2025-02-11T16:40:42.636+08:00 level=INFO source=:0 msg="UnGzip error: gzip: invalid header"
time=2025-02-11T16:40:42.636+08:00 level=INFO source=/go/src/go-musicfox/vendor/github.com/cnsilvan/UnblockNeteaseMusic/provider/provider.go:68 msg="find song info" music="{Quality:ExHigh(2) Id:2055507089}"
time=2025-02-11T16:40:42.809+08:00 level=INFO source=/go/src/go-musicfox/vendor/github.com/cnsilvan/UnblockNeteaseMusic/provider/provider.go:163 msg="search song:小船 163 braces"
time=2025-02-11T16:40:43.660+08:00 level=INFO source=/go/src/go-musicfox/vendor/github.com/cnsilvan/UnblockNeteaseMusic/provider/provider.go:197 msg=consumed time=850.503765ms
time=2025-02-11T16:40:43.660+08:00 level=INFO source=/go/src/go-musicfox/vendor/github.com/cnsilvan/UnblockNeteaseMusic/provider/provider.go:165 msg="{\"Id\":\"2055507089\",\"Size\":2621644,\"Br\":128000,\"Url\":\"http://lw.sycdn.kuwo.cn/61186cd82ef22160bd3ded459093f72a/67ab0d2d/resource/30106/trackmedia/M500000oNouh0OSyOf.mp3?bitrate\",\"Md5\":\"\",\"Name\":\"小船\",\"Artist\":\"163braces\",\"AlbumName\":\"小船\",\"MatchScore\":0.65000004,\"Source\":\"kuwo\"}\n"
time=2025-02-11T16:40:43.660+08:00 level=INFO source=/go/src/go-musicfox/utils/storagex/cache.go:141 msg="music size" size="2.50 MB"
time=2025-02-11T16:40:43.660+08:00 level=INFO source=/go/src/go-musicfox/internal/ui/player.go:460 msg="Start play song" url=http://lw.sycdn.kuwo.cn/61186cd82ef22160bd3ded459093f72a/67ab0d2d/resource/30106/trackmedia/M500000oNouh0OSyOf.mp3?bitrate type=mp3 song="{Id:2055507089 Name:小船 Alg: Duration:2m43.767s Artists:[{Id:46763028 Name:163 braces}] Album:{Id:167587843 Name:小船 PicUrl:http://p1.music.126.net/CCtXeSPpzJVM0kDlnvvIHA==/109951168677292641.jpg Artists:[]}}"
time=2025-02-11T16:40:43.700+08:00 level=ERROR source=/go/src/go-musicfox/internal/lastfm/api.go:51 msg="Lastfm other err" error="empty session key\ngithub.com/go-musicfox/go-musicfox/internal/lastfm.(*Client).UpdateNowPlaying\n\t/go/src/go-musicfox/internal/lastfm/api.go:91\ngithub.com/go-musicfox/go-musicfox/internal/lastfm.Report.func1\n\t/go/src/go-musicfox/internal/lastfm/api.go:148\nruntime.goexit\n\t/usr/local/go/src/runtime/asm_amd64.s:1695"
time=2025-02-11T16:40:43.804+08:00 level=INFO source=/go/src/go-musicfox/internal/player/beep_player.go:205 msg="current song sample rate" sample_rate=44100
time=2025-02-11T16:40:44.294+08:00 level=INFO source=/go/src/go-musicfox/utils/storagex/download.go:195 msg=缓存歌曲成功 file=2055507089-2.mp3
time=2025-02-11T16:41:42.915+08:00 level=INFO source=:0 msg="Next requested"
time=2025-02-11T16:41:42.929+08:00 level=INFO source=/go/src/go-musicfox/utils/storagex/cache.go:102 msg="get play url of song" song=2673184273 level=higher
time=2025-02-11T16:41:42.966+08:00 level=INFO source=/go/src/go-musicfox/utils/storagex/cache.go:141 msg="music size" size="5.95 MB"
time=2025-02-11T16:41:42.966+08:00 level=INFO source=/go/src/go-musicfox/internal/ui/player.go:460 msg="Start play song" url="http://m801.music.126.net/20250211170717/45d756f6395e4010cf813880fa51d195/jdymusic/obj/wo3DlMOGwrbDjj7DisKw/58135606499/af2b/00d1/3999/8ddb966b0c0aadfb8db46e4b0cb5b5cf.mp3?vuutv=hloKTqNL0Dj9LK5xoCK1Iqhiy6UmEbLlnFvx5QYPGc1jVOfZfctvN4AAEI0eBMKEKVib8OXsEa3V3cjUjWYkuw8l9bW+GmL7raBPavbdN8S1EH5z3oS7Xy8vOQ9fsq8TbIUahbv1VsH0nLodRXI2OOYzIADsk4ZYn95ORiQlMFw=" type=mp3 song="{Id:2673184273 Name:与天作赌 Alg: Duration:4m20s Artists:[{Id:59888486 Name:世界之外}] Album:{Id:259889466 Name:世界之外「我即传说」主题专辑 PicUrl:http://p1.music.126.net/g_Lus-sbx8TIDrGaXIlgOA==/109951170464368247.jpg Artists:[]}}"
time=2025-02-11T16:41:42.991+08:00 level=ERROR source=/go/src/go-musicfox/internal/lastfm/api.go:51 msg="Lastfm other err" error="empty session key\ngithub.com/go-musicfox/go-musicfox/internal/lastfm.(*Client).UpdateNowPlaying\n\t/go/src/go-musicfox/internal/lastfm/api.go:91\ngithub.com/go-musicfox/go-musicfox/internal/lastfm.Report.func1\n\t/go/src/go-musicfox/internal/lastfm/api.go:148\nruntime.goexit\n\t/usr/local/go/src/runtime/asm_amd64.s:1695"
time=2025-02-11T16:41:43.137+08:00 level=INFO source=/go/src/go-musicfox/internal/player/beep_player.go:205 msg="current song sample rate" sample_rate=48000
time=2025-02-11T16:41:43.621+08:00 level=INFO source=/go/src/go-musicfox/utils/storagex/download.go:195 msg=缓存歌曲成功 file=2673184273-2.mp3
time=2025-02-11T16:45:39.959+08:00 level=INFO source=:0 msg="Next requested"
time=2025-02-11T16:45:39.967+08:00 level=INFO source=/go/src/go-musicfox/utils/storagex/cache.go:102 msg="get play url of song" song=2671869796 level=higher
time=2025-02-11T16:45:40.097+08:00 level=INFO source=/go/src/go-musicfox/utils/storagex/cache.go:141 msg="music size" size="2.94 MB"
time=2025-02-11T16:45:40.097+08:00 level=INFO source=/go/src/go-musicfox/internal/ui/player.go:460 msg="Start play song" url="http://m701.music.126.net/20250211171114/1ecd84419bb05dbcdb6afdea8ae2a3a5/jdymusic/obj/wo3DlMOGwrbDjj7DisKw/58015781898/f4b0/4807/cbe5/9cfb12b26a33195b4ef4c6c1e1c189e1.mp3?vuutv=X5VD+SUYa1lt0xlLG86xv853iMcdZhjGBo+m4lO2b1F0t0qq3AeiVtFyCuaH+QXEF9gWX1tLoocMFT6NWdRlA1rIBRnFWJCodLE2q6bt8xiGCJZjYq+M/NNnYtuhajzfySQ2GNB0Tc7JBPI35u94YvD6gtVsQG+OB5BruDOyviE=" type=mp3 song="{Id:2671869796 Name:长生咒 Alg: Duration:2m8.373s Artists:[{Id:33859468 Name:黄金玉米王}] Album:{Id:261737529 Name:长生咒 PicUrl:http://p1.music.126.net/cOAxDfhl7x4omvfqWTn7Mw==/109951170450993766.jpg Artists:[]}}"
time=2025-02-11T16:45:40.172+08:00 level=ERROR source=/go/src/go-musicfox/internal/lastfm/api.go:51 msg="Lastfm other err" error="empty session key\ngithub.com/go-musicfox/go-musicfox/internal/lastfm.(*Client).UpdateNowPlaying\n\t/go/src/go-musicfox/internal/lastfm/api.go:91\ngithub.com/go-musicfox/go-musicfox/internal/lastfm.Report.func1\n\t/go/src/go-musicfox/internal/lastfm/api.go:148\nruntime.goexit\n\t/usr/local/go/src/runtime/asm_amd64.s:1695"
time=2025-02-11T16:45:40.269+08:00 level=INFO source=/go/src/go-musicfox/internal/player/beep_player.go:205 msg="current song sample rate" sample_rate=48000
time=2025-02-11T16:45:40.527+08:00 level=INFO source=/go/src/go-musicfox/utils/storagex/download.go:195 msg=缓存歌曲成功 file=2671869796-2.mp3
time=2025-02-11T16:47:48.741+08:00 level=INFO source=/go/src/go-musicfox/utils/storagex/cache.go:102 msg="get play url of song" song=2083785152 level=higher
time=2025-02-11T16:47:48.925+08:00 level=INFO source=:0 msg="UnGzip error: gzip: invalid header"
time=2025-02-11T16:47:48.925+08:00 level=INFO source=/go/src/go-musicfox/vendor/github.com/cnsilvan/UnblockNeteaseMusic/provider/provider.go:68 msg="find song info" music="{Quality:ExHigh(2) Id:2083785152}"
time=2025-02-11T16:47:49.091+08:00 level=INFO source=/go/src/go-musicfox/vendor/github.com/cnsilvan/UnblockNeteaseMusic/provider/provider.go:163 msg="search song:唯一 G.E.M.邓紫棋"
time=2025-02-11T16:47:49.578+08:00 level=INFO source=/go/src/go-musicfox/vendor/github.com/cnsilvan/UnblockNeteaseMusic/provider/provider.go:197 msg=consumed time=486.403109ms
time=2025-02-11T16:47:49.578+08:00 level=INFO source=/go/src/go-musicfox/vendor/github.com/cnsilvan/UnblockNeteaseMusic/provider/provider.go:165 msg="{\"Id\":\"2083785152\",\"Size\":4061107,\"Br\":128000,\"Url\":\"http://er.sycdn.kuwo.cn/2ea08b005e7391169229af0ce939dbf5/67ab0ed7/resource/30106/trackmedia/M500001ziKgJ3o5Ipp.mp3?bitrate\",\"Md5\":\"\",\"Name\":\"唯一\",\"Artist\":\"G.E.M.邓紫棋\",\"AlbumName\":\"T.I.M.E.\",\"MatchScore\":1,\"Source\":\"kuwo\"}\n"
time=2025-02-11T16:47:49.578+08:00 level=INFO source=/go/src/go-musicfox/utils/storagex/cache.go:141 msg="music size" size="3.87 MB"
time=2025-02-11T16:47:49.578+08:00 level=INFO source=/go/src/go-musicfox/internal/ui/player.go:460 msg="Start play song" url=http://er.sycdn.kuwo.cn/2ea08b005e7391169229af0ce939dbf5/67ab0ed7/resource/30106/trackmedia/M500001ziKgJ3o5Ipp.mp3?bitrate type=mp3 song="{Id:2083785152 Name:唯一 Alg: Duration:4m13.735s Artists:[{Id:7763 Name:G.E.M.邓紫棋}] Album:{Id:174925713 Name:T.I.M.E. PicUrl:http://p2.music.126.net/aJWtwvdYRXvKUpAE2C6NoA==/109951168919708423.jpg Artists:[]}}"
time=2025-02-11T16:47:49.611+08:00 level=ERROR source=/go/src/go-musicfox/internal/lastfm/api.go:51 msg="Lastfm other err" error="empty session key\ngithub.com/go-musicfox/go-musicfox/internal/lastfm.(*Client).UpdateNowPlaying\n\t/go/src/go-musicfox/internal/lastfm/api.go:91\ngithub.com/go-musicfox/go-musicfox/internal/lastfm.Report.func1\n\t/go/src/go-musicfox/internal/lastfm/api.go:148\nruntime.goexit\n\t/usr/local/go/src/runtime/asm_amd64.s:1695"
time=2025-02-11T16:47:49.738+08:00 level=INFO source=/go/src/go-musicfox/internal/player/beep_player.go:205 msg="current song sample rate" sample_rate=44100
time=2025-02-11T16:47:50.366+08:00 level=INFO source=/go/src/go-musicfox/utils/storagex/download.go:195 msg=缓存歌曲成功 file=2083785152-2.mp3
time=2025-02-11T16:49:39.619+08:00 level=INFO source=:0 msg="Next requested"
time=2025-02-11T16:49:39.626+08:00 level=INFO source=/go/src/go-musicfox/utils/storagex/cache.go:102 msg="get play url of song" song=2152805690 level=higher
time=2025-02-11T16:49:39.888+08:00 level=INFO source=:0 msg="UnGzip error: gzip: invalid header"
time=2025-02-11T16:49:39.888+08:00 level=INFO source=/go/src/go-musicfox/vendor/github.com/cnsilvan/UnblockNeteaseMusic/provider/provider.go:68 msg="find song info" music="{Quality:ExHigh(2) Id:2152805690}"
time=2025-02-11T16:49:40.068+08:00 level=INFO source=/go/src/go-musicfox/vendor/github.com/cnsilvan/UnblockNeteaseMusic/provider/provider.go:163 msg="search song:Not Like Us Kendrick Lamar"
time=2025-02-11T16:49:40.815+08:00 level=INFO source=/go/src/go-musicfox/vendor/github.com/cnsilvan/UnblockNeteaseMusic/provider/provider.go:197 msg=consumed time=746.480093ms
time=2025-02-11T16:49:40.815+08:00 level=INFO source=/go/src/go-musicfox/vendor/github.com/cnsilvan/UnblockNeteaseMusic/provider/provider.go:165 msg="{\"Id\":\"2152805690\",\"Size\":4388401,\"Br\":128000,\"Url\":\"http://er.sycdn.kuwo.cn/01fe62f95d9ac4f8d07cdafbab368708/67ab0f47/resource/30106/trackmedia/M500002Kr6xt2fLiom.mp3?bitrate\",\"Md5\":\"\",\"Name\":\"Not Like Us\",\"Artist\":\"KendrickLamar\",\"AlbumName\":\"Not Like Us\",\"MatchScore\":0.52500004,\"Source\":\"kuwo\"}\n"
time=2025-02-11T16:49:40.815+08:00 level=INFO source=/go/src/go-musicfox/utils/storagex/cache.go:141 msg="music size" size="4.19 MB"
time=2025-02-11T16:49:40.815+08:00 level=INFO source=/go/src/go-musicfox/internal/ui/player.go:460 msg="Start play song" url=http://er.sycdn.kuwo.cn/01fe62f95d9ac4f8d07cdafbab368708/67ab0f47/resource/30106/trackmedia/M500002Kr6xt2fLiom.mp3?bitrate type=mp3 song="{Id:2152805690 Name:Not Like Us Alg: Duration:4m34.192s Artists:[{Id:37995 Name:Kendrick Lamar}] Album:{Id:194730881 Name:Not Like Us PicUrl:http://p2.music.126.net/2uNB1vOtLykIIu094zd95w==/109951169563204791.jpg Artists:[]}}"
time=2025-02-11T16:49:40.845+08:00 level=ERROR source=/go/src/go-musicfox/internal/lastfm/api.go:51 msg="Lastfm other err" error="empty session key\ngithub.com/go-musicfox/go-musicfox/internal/lastfm.(*Client).UpdateNowPlaying\n\t/go/src/go-musicfox/internal/lastfm/api.go:91\ngithub.com/go-musicfox/go-musicfox/internal/lastfm.Report.func1\n\t/go/src/go-musicfox/internal/lastfm/api.go:148\nruntime.goexit\n\t/usr/local/go/src/runtime/asm_amd64.s:1695"
time=2025-02-11T16:49:41.009+08:00 level=INFO source=/go/src/go-musicfox/internal/player/beep_player.go:205 msg="current song sample rate" sample_rate=44100
time=2025-02-11T16:49:41.523+08:00 level=INFO source=/go/src/go-musicfox/utils/storagex/download.go:195 msg=缓存歌曲成功 file=2152805690-2.mp3
time=2025-02-11T16:50:06.640+08:00 level=INFO source=:0 msg="Next requested"
time=2025-02-11T16:50:06.657+08:00 level=INFO source=/go/src/go-musicfox/utils/storagex/cache.go:102 msg="get play url of song" song=438456232 level=higher
time=2025-02-11T16:50:06.747+08:00 level=INFO source=:0 msg="UnGzip error: gzip: invalid header"
time=2025-02-11T16:50:06.747+08:00 level=INFO source=/go/src/go-musicfox/vendor/github.com/cnsilvan/UnblockNeteaseMusic/provider/provider.go:68 msg="find song info" music="{Quality:ExHigh(2) Id:438456232}"
time=2025-02-11T16:50:06.925+08:00 level=INFO source=/go/src/go-musicfox/vendor/github.com/cnsilvan/UnblockNeteaseMusic/provider/provider.go:163 msg="search song:梦幻诛仙 张碧晨"
time=2025-02-11T16:50:07.504+08:00 level=INFO source=/go/src/go-musicfox/vendor/github.com/cnsilvan/UnblockNeteaseMusic/provider/provider.go:197 msg=consumed time=579.203515ms
time=2025-02-11T16:50:07.504+08:00 level=INFO source=/go/src/go-musicfox/vendor/github.com/cnsilvan/UnblockNeteaseMusic/provider/provider.go:165 msg="{\"Id\":\"438456232\",\"Size\":3909788,\"Br\":128000,\"Url\":\"http://lw.sycdn.kuwo.cn/2f5b0749c01b23e4a6680bd51106dc9c/67ab0f61/resource/30106/trackmedia/M500000vn5Ei3un0eW.mp3?bitrate\",\"Md5\":\"\",\"Name\":\"梦幻诛仙\",\"Artist\":\"张碧晨\",\"AlbumName\":\"梦幻诛仙\",\"MatchScore\":1,\"Source\":\"kuwo\"}\n"
time=2025-02-11T16:50:07.504+08:00 level=INFO source=/go/src/go-musicfox/utils/storagex/cache.go:141 msg="music size" size="3.73 MB"
time=2025-02-11T16:50:07.504+08:00 level=INFO source=/go/src/go-musicfox/internal/ui/player.go:460 msg="Start play song" url=http://lw.sycdn.kuwo.cn/2f5b0749c01b23e4a6680bd51106dc9c/67ab0f61/resource/30106/trackmedia/M500000vn5Ei3un0eW.mp3?bitrate type=mp3 song="{Id:438456232 Name:梦幻诛仙 Alg: Duration:4m4.291s Artists:[{Id:1024308 Name:张碧晨}] Album:{Id:34943943 Name:梦幻诛仙 PicUrl:http://p2.music.126.net/Lerc6tdw236Nvqtf7eBOVg==/18494885091647682.jpg Artists:[]}}"
time=2025-02-11T16:50:07.539+08:00 level=ERROR source=/go/src/go-musicfox/internal/lastfm/api.go:51 msg="Lastfm other err" error="empty session key\ngithub.com/go-musicfox/go-musicfox/internal/lastfm.(*Client).UpdateNowPlaying\n\t/go/src/go-musicfox/internal/lastfm/api.go:91\ngithub.com/go-musicfox/go-musicfox/internal/lastfm.Report.func1\n\t/go/src/go-musicfox/internal/lastfm/api.go:148\nruntime.goexit\n\t/usr/local/go/src/runtime/asm_amd64.s:1695"
time=2025-02-11T16:50:07.660+08:00 level=INFO source=/go/src/go-musicfox/internal/player/beep_player.go:205 msg="current song sample rate" sample_rate=44100
time=2025-02-11T16:50:07.926+08:00 level=INFO source=/go/src/go-musicfox/utils/storagex/download.go:195 msg=缓存歌曲成功 file=438456232-2.mp3
time=2025-02-11T16:50:56.538+08:00 level=INFO source=:0 msg="Next requested"
time=2025-02-11T16:50:56.552+08:00 level=INFO source=/go/src/go-musicfox/utils/storagex/cache.go:102 msg="get play url of song" song=2672746440 level=higher
time=2025-02-11T16:50:56.590+08:00 level=INFO source=/go/src/go-musicfox/utils/storagex/cache.go:141 msg="music size" size="5.09 MB"
time=2025-02-11T16:50:56.590+08:00 level=INFO source=/go/src/go-musicfox/internal/ui/player.go:460 msg="Start play song" url="http://m801.music.126.net/20250211171630/0135fe7da0ffee9bfba4dc2e976b66ec/jdymusic/obj/wo3DlMOGwrbDjj7DisKw/58065579174/956b/ddf8/1d9c/3cbb4334a07b3670dc225e7feb547506.mp3?vuutv=Gs1L2ydsQRbQlrjPWyRkCZ3GLqNQ195VvmJn6f5vNa0w8eM+ZUVLZ/OGmi/ahZFAH7JCP0SRrwfUNsfFDGIOSamX+xP6ZXAjFh7cxOdYeBAkzEOEeTnzszb23jmw3tZFTbAMSS30Qs/qL8PcwXcPxn0g5plzw1WKc0AgQRymuGM=" type=mp3 song="{Id:2672746440 Name:我们明明 Alg: Duration:3m42.439s Artists:[{Id:12277194 Name:LBI利比}] Album:{Id:262075352 Name:我们明明 PicUrl:http://p2.music.126.net/L02C1NxhFttVW232TbZC8w==/109951170460438342.jpg Artists:[]}}"
time=2025-02-11T16:50:56.616+08:00 level=ERROR source=/go/src/go-musicfox/internal/lastfm/api.go:51 msg="Lastfm other err" error="empty session key\ngithub.com/go-musicfox/go-musicfox/internal/lastfm.(*Client).UpdateNowPlaying\n\t/go/src/go-musicfox/internal/lastfm/api.go:91\ngithub.com/go-musicfox/go-musicfox/internal/lastfm.Report.func1\n\t/go/src/go-musicfox/internal/lastfm/api.go:148\nruntime.goexit\n\t/usr/local/go/src/runtime/asm_amd64.s:1695"
time=2025-02-11T16:50:56.764+08:00 level=INFO source=/go/src/go-musicfox/internal/player/beep_player.go:205 msg="current song sample rate" sample_rate=48000
time=2025-02-11T16:50:57.393+08:00 level=INFO source=/go/src/go-musicfox/utils/storagex/download.go:195 msg=缓存歌曲成功 file=2672746440-2.mp3
time=2025-02-11T16:51:04.686+08:00 level=INFO source=:0 msg="Next requested"
time=2025-02-11T16:51:04.700+08:00 level=INFO source=/go/src/go-musicfox/utils/storagex/cache.go:102 msg="get play url of song" song=233882 level=higher
time=2025-02-11T16:51:04.796+08:00 level=INFO source=:0 msg="UnGzip error: gzip: invalid header"
time=2025-02-11T16:51:04.796+08:00 level=INFO source=/go/src/go-musicfox/vendor/github.com/cnsilvan/UnblockNeteaseMusic/provider/provider.go:68 msg="find song info" music="{Quality:ExHigh(2) Id:233882}"
time=2025-02-11T16:51:04.981+08:00 level=INFO source=/go/src/go-musicfox/vendor/github.com/cnsilvan/UnblockNeteaseMusic/provider/provider.go:163 msg="search song:下一个天亮 郭静"
time=2025-02-11T16:51:05.831+08:00 level=INFO source=/go/src/go-musicfox/vendor/github.com/cnsilvan/UnblockNeteaseMusic/provider/provider.go:197 msg=consumed time=849.805758ms
time=2025-02-11T16:51:05.831+08:00 level=INFO source=/go/src/go-musicfox/vendor/github.com/cnsilvan/UnblockNeteaseMusic/provider/provider.go:165 msg="{\"Id\":\"233882\",\"Size\":10664355,\"Br\":320000,\"Url\":\"http://lx.sycdn.kuwo.cn/c7bde36e764d6ab98baba3126a159a20/67ab0f9c/resource/n1/69/84/3954865603.mp3?bitrate\",\"Md5\":\"\",\"Name\":\"下一个天亮\",\"Artist\":\"郭静\",\"AlbumName\":\"下一个天亮\",\"MatchScore\":1,\"Source\":\"kuwo\"}\n"
time=2025-02-11T16:51:05.831+08:00 level=INFO source=/go/src/go-musicfox/utils/storagex/cache.go:141 msg="music size" size="10.17 MB"
time=2025-02-11T16:51:05.831+08:00 level=INFO source=/go/src/go-musicfox/internal/ui/player.go:460 msg="Start play song" url=http://lx.sycdn.kuwo.cn/c7bde36e764d6ab98baba3126a159a20/67ab0f9c/resource/n1/69/84/3954865603.mp3?bitrate type=mp3 song="{Id:233882 Name:下一个天亮 Alg: Duration:4m26.546s Artists:[{Id:7760 Name:郭静}] Album:{Id:23492 Name:下一个天亮 PicUrl:http://p2.music.126.net/EJnwJffXPnVjxotouLRhug==/109951168105388410.jpg Artists:[]}}"
time=2025-02-11T16:51:05.862+08:00 level=ERROR source=/go/src/go-musicfox/internal/lastfm/api.go:51 msg="Lastfm other err" error="empty session key\ngithub.com/go-musicfox/go-musicfox/internal/lastfm.(*Client).UpdateNowPlaying\n\t/go/src/go-musicfox/internal/lastfm/api.go:91\ngithub.com/go-musicfox/go-musicfox/internal/lastfm.Report.func1\n\t/go/src/go-musicfox/internal/lastfm/api.go:148\nruntime.goexit\n\t/usr/local/go/src/runtime/asm_amd64.s:1695"
time=2025-02-11T16:51:05.988+08:00 level=INFO source=/go/src/go-musicfox/internal/player/beep_player.go:205 msg="current song sample rate" sample_rate=44100
time=2025-02-11T16:51:07.011+08:00 level=INFO source=/go/src/go-musicfox/utils/storagex/download.go:195 msg=缓存歌曲成功 file=233882-2.mp3
time=2025-02-11T16:51:21.434+08:00 level=INFO source=:0 msg="Next requested"
time=2025-02-11T16:51:21.447+08:00 level=INFO source=/go/src/go-musicfox/utils/storagex/cache.go:102 msg="get play url of song" song=2067804933 level=higher
time=2025-02-11T16:51:21.486+08:00 level=INFO source=/go/src/go-musicfox/utils/storagex/cache.go:141 msg="music size" size="5.03 MB"
time=2025-02-11T16:51:21.486+08:00 level=INFO source=/go/src/go-musicfox/internal/ui/player.go:460 msg="Start play song" url="http://m701.music.126.net/20250211171655/e42546b529097e1e42ee7711a199000c/jdymusic/obj/wo3DlMOGwrbDjj7DisKw/29576676767/d2d4/a755/cb3e/16da1d5e59ceb785ca1a27b71bdc3311.mp3?vuutv=5JUd5z0dDSfME6EZiutZlgKs91YcUmH83HFwj2a5lMAHB4XGYHIX7Kl5T3Y7pEKQ0U13r9skyIgB+++HUqWtUgURsRowZqScnltvhjVzBvHuD02gpGj3qphZXJA77lVSuQsOIhBfcxgY6DurCIqt+wT6uekp0X3f0pzqf1nj0xg=" type=mp3 song="{Id:2067804933 Name:Улеталиптицамигордыми Alg: Duration:3m39.668s Artists:[{Id:53621224 Name:Double X}] Album:{Id:170600018 Name:Улеталиптицамигордыми PicUrl:http://p1.music.126.net/TzaEHJoz9_y9U0EScrqsTA==/109951168769453307.jpg Artists:[]}}"
time=2025-02-11T16:51:21.509+08:00 level=ERROR source=/go/src/go-musicfox/internal/lastfm/api.go:51 msg="Lastfm other err" error="empty session key\ngithub.com/go-musicfox/go-musicfox/internal/lastfm.(*Client).UpdateNowPlaying\n\t/go/src/go-musicfox/internal/lastfm/api.go:91\ngithub.com/go-musicfox/go-musicfox/internal/lastfm.Report.func1\n\t/go/src/go-musicfox/internal/lastfm/api.go:148\nruntime.goexit\n\t/usr/local/go/src/runtime/asm_amd64.s:1695"
time=2025-02-11T16:51:21.659+08:00 level=INFO source=/go/src/go-musicfox/internal/player/beep_player.go:205 msg="current song sample rate" sample_rate=44100
time=2025-02-11T16:51:22.323+08:00 level=INFO source=/go/src/go-musicfox/utils/storagex/download.go:195 msg=缓存歌曲成功 file=2067804933-2.mp3
time=2025-02-11T16:51:34.871+08:00 level=INFO source=:0 msg="Next requested"
time=2025-02-11T16:51:34.884+08:00 level=INFO source=/go/src/go-musicfox/utils/storagex/cache.go:102 msg="get play url of song" song=420513158 level=higher
time=2025-02-11T16:51:34.962+08:00 level=INFO source=:0 msg="UnGzip error: gzip: invalid header"
time=2025-02-11T16:51:34.962+08:00 level=INFO source=/go/src/go-musicfox/vendor/github.com/cnsilvan/UnblockNeteaseMusic/provider/provider.go:68 msg="find song info" music="{Quality:ExHigh(2) Id:420513158}"
time=2025-02-11T16:51:35.147+08:00 level=INFO source=/go/src/go-musicfox/vendor/github.com/cnsilvan/UnblockNeteaseMusic/provider/provider.go:163 msg="search song:红蔷薇白玫瑰 G.E.M.邓紫棋"
time=2025-02-11T16:51:35.767+08:00 level=INFO source=/go/src/go-musicfox/vendor/github.com/cnsilvan/UnblockNeteaseMusic/provider/provider.go:197 msg=consumed time=619.901271ms
time=2025-02-11T16:51:35.767+08:00 level=INFO source=/go/src/go-musicfox/vendor/github.com/cnsilvan/UnblockNeteaseMusic/provider/provider.go:165 msg="{\"Id\":\"420513158\",\"Size\":4527971,\"Br\":128000,\"Url\":\"http://er.sycdn.kuwo.cn/91698a894aae2a67a1eed14072305d61/67ab0fba/resource/30106/trackmedia/M500004cRkew2I7Zil.mp3?bitrate\",\"Md5\":\"\",\"Name\":\"红蔷薇白玫瑰\",\"Artist\":\"G.E.M.邓紫棋\",\"AlbumName\":\"红蔷薇白玫瑰\",\"MatchScore\":1,\"Source\":\"kuwo\"}\n"
time=2025-02-11T16:51:35.768+08:00 level=INFO source=/go/src/go-musicfox/utils/storagex/cache.go:141 msg="music size" size="4.32 MB"
time=2025-02-11T16:51:35.768+08:00 level=INFO source=/go/src/go-musicfox/internal/ui/player.go:460 msg="Start play song" url=http://er.sycdn.kuwo.cn/91698a894aae2a67a1eed14072305d61/67ab0fba/resource/30106/trackmedia/M500004cRkew2I7Zil.mp3?bitrate type=mp3 song="{Id:420513158 Name:红蔷薇白玫瑰 Alg: Duration:4m42.924s Artists:[{Id:7763 Name:G.E.M.邓紫棋}] Album:{Id:34767677 Name:红蔷薇白玫瑰 PicUrl:http://p2.music.126.net/ExDuzcVK5vkMNpPpzmFX6Q==/3446968958754370.jpg Artists:[]}}"
time=2025-02-11T16:51:35.800+08:00 level=ERROR source=/go/src/go-musicfox/internal/lastfm/api.go:51 msg="Lastfm other err" error="empty session key\ngithub.com/go-musicfox/go-musicfox/internal/lastfm.(*Client).UpdateNowPlaying\n\t/go/src/go-musicfox/internal/lastfm/api.go:91\ngithub.com/go-musicfox/go-musicfox/internal/lastfm.Report.func1\n\t/go/src/go-musicfox/internal/lastfm/api.go:148\nruntime.goexit\n\t/usr/local/go/src/runtime/asm_amd64.s:1695"
time=2025-02-11T16:51:35.906+08:00 level=INFO source=/go/src/go-musicfox/internal/player/beep_player.go:205 msg="current song sample rate" sample_rate=44100
time=2025-02-11T16:51:36.270+08:00 level=INFO source=/go/src/go-musicfox/utils/storagex/download.go:195 msg=缓存歌曲成功 file=420513158-2.mp3
time=2025-02-11T16:56:18.845+08:00 level=INFO source=/go/src/go-musicfox/utils/storagex/cache.go:102 msg="get play url of song" song=254099 level=higher
time=2025-02-11T16:56:19.111+08:00 level=INFO source=:0 msg="UnGzip error: gzip: invalid header"
time=2025-02-11T16:56:19.111+08:00 level=INFO source=/go/src/go-musicfox/vendor/github.com/cnsilvan/UnblockNeteaseMusic/provider/provider.go:68 msg="find song info" music="{Quality:ExHigh(2) Id:254099}"
time=2025-02-11T16:56:19.281+08:00 level=INFO source=/go/src/go-musicfox/vendor/github.com/cnsilvan/UnblockNeteaseMusic/provider/provider.go:163 msg="search song:没有如果 梁静茹 严爵"
time=2025-02-11T16:56:20.158+08:00 level=INFO source=/go/src/go-musicfox/vendor/github.com/cnsilvan/UnblockNeteaseMusic/provider/provider.go:197 msg=consumed time=876.819974ms
time=2025-02-11T16:56:20.158+08:00 level=INFO source=/go/src/go-musicfox/vendor/github.com/cnsilvan/UnblockNeteaseMusic/provider/provider.go:165 msg="{\"Id\":\"254099\",\"Size\":4280120,\"Br\":128000,\"Url\":\"http://lw.sycdn.kuwo.cn/555e5273ff36953939b4be87ff78a714/67ab10d6/resource/30106/trackmedia/M500000daWQ04MgMRj.mp3?bitrate\",\"Md5\":\"\",\"Name\":\"没有如果\",\"Artist\":\"梁静茹&严爵\",\"AlbumName\":\"靜茹 & 情歌 別再为他流泪\",\"MatchScore\":0.9416667,\"Source\":\"kuwo\"}\n"
time=2025-02-11T16:56:20.158+08:00 level=INFO source=/go/src/go-musicfox/utils/storagex/cache.go:141 msg="music size" size="4.08 MB"
time=2025-02-11T16:56:20.158+08:00 level=INFO source=/go/src/go-musicfox/internal/ui/player.go:460 msg="Start play song" url=http://lw.sycdn.kuwo.cn/555e5273ff36953939b4be87ff78a714/67ab10d6/resource/30106/trackmedia/M500000daWQ04MgMRj.mp3?bitrate type=mp3 song="{Id:254099 Name:没有如果 Alg: Duration:4m27.426s Artists:[{Id:8325 Name:梁静茹} {Id:6234 Name:严爵}] Album:{Id:25384 Name:静茹&情歌 别再为他流泪 PicUrl:http://p2.music.126.net/HhlJCv7-ZyzGq49iKfklPg==/109951168750876196.jpg Artists:[]}}"
time=2025-02-11T16:56:20.191+08:00 level=ERROR source=/go/src/go-musicfox/internal/lastfm/api.go:51 msg="Lastfm other err" error="empty session key\ngithub.com/go-musicfox/go-musicfox/internal/lastfm.(*Client).UpdateNowPlaying\n\t/go/src/go-musicfox/internal/lastfm/api.go:91\ngithub.com/go-musicfox/go-musicfox/internal/lastfm.Report.func1\n\t/go/src/go-musicfox/internal/lastfm/api.go:148\nruntime.goexit\n\t/usr/local/go/src/runtime/asm_amd64.s:1695"
time=2025-02-11T16:56:20.313+08:00 level=INFO source=/go/src/go-musicfox/internal/player/beep_player.go:205 msg="current song sample rate" sample_rate=44100
time=2025-02-11T16:56:20.778+08:00 level=INFO source=/go/src/go-musicfox/utils/storagex/download.go:195 msg=缓存歌曲成功 file=254099-2.mp3
time=2025-02-11T17:00:47.752+08:00 level=INFO source=/go/src/go-musicfox/utils/storagex/cache.go:102 msg="get play url of song" song=2671817391 level=higher
time=2025-02-11T17:00:48.016+08:00 level=INFO source=:0 msg="UnGzip error: gzip: invalid header"
time=2025-02-11T17:00:48.016+08:00 level=INFO source=/go/src/go-musicfox/vendor/github.com/cnsilvan/UnblockNeteaseMusic/provider/provider.go:68 msg="find song info" music="{Quality:ExHigh(2) Id:2671817391}"
time=2025-02-11T17:00:48.259+08:00 level=INFO source=/go/src/go-musicfox/vendor/github.com/cnsilvan/UnblockNeteaseMusic/provider/provider.go:163 msg="search song:Born Again LISA Doja Cat RAYE"
time=2025-02-11T17:00:49.237+08:00 level=INFO source=/go/src/go-musicfox/vendor/github.com/cnsilvan/UnblockNeteaseMusic/provider/provider.go:197 msg=consumed time=977.622322ms
time=2025-02-11T17:00:49.237+08:00 level=INFO source=/go/src/go-musicfox/vendor/github.com/cnsilvan/UnblockNeteaseMusic/provider/provider.go:165 msg="{\"Id\":\"2671817391\",\"Size\":9249688,\"Br\":320000,\"Url\":\"http://er.sycdn.kuwo.cn/9e1fc223650f0cc51b5ddcd3ec934916/67ab11e3/resource/30106/trackmedia/M800000oZ89n1galbq.mp3?bitrate\",\"Md5\":\"\",\"Name\":\"Born Again\",\"Artist\":\"LISA&DojaCat&RAYE\",\"AlbumName\":\"Born Again\",\"MatchScore\":0.845,\"Source\":\"kuwo\"}\n"
time=2025-02-11T17:00:49.237+08:00 level=INFO source=/go/src/go-musicfox/utils/storagex/cache.go:141 msg="music size" size="8.82 MB"
time=2025-02-11T17:00:49.237+08:00 level=INFO source=/go/src/go-musicfox/internal/ui/player.go:460 msg="Start play song" url=http://er.sycdn.kuwo.cn/9e1fc223650f0cc51b5ddcd3ec934916/67ab11e3/resource/30106/trackmedia/M800000oZ89n1galbq.mp3?bitrate type=mp3 song="{Id:2671817391 Name:Born Again Alg: Duration:3m51.209s Artists:[{Id:12062254 Name:LISA} {Id:911131 Name:Doja Cat} {Id:1077053 Name:RAYE}] Album:{Id:261720593 Name:Born Again PicUrl:http://p2.music.126.net/F_BQvoBSoz3pa1C_Wxn-7g==/109951170450449536.jpg Artists:[]}}"
time=2025-02-11T17:00:49.264+08:00 level=ERROR source=/go/src/go-musicfox/internal/lastfm/api.go:51 msg="Lastfm other err" error="empty session key\ngithub.com/go-musicfox/go-musicfox/internal/lastfm.(*Client).UpdateNowPlaying\n\t/go/src/go-musicfox/internal/lastfm/api.go:91\ngithub.com/go-musicfox/go-musicfox/internal/lastfm.Report.func1\n\t/go/src/go-musicfox/internal/lastfm/api.go:148\nruntime.goexit\n\t/usr/local/go/src/runtime/asm_amd64.s:1695"
time=2025-02-11T17:00:49.375+08:00 level=INFO source=/go/src/go-musicfox/internal/player/beep_player.go:205 msg="current song sample rate" sample_rate=44100
time=2025-02-11T17:00:50.089+08:00 level=INFO source=/go/src/go-musicfox/utils/storagex/download.go:195 msg=缓存歌曲成功 file=2671817391-2.mp3
time=2025-02-11T17:04:40.647+08:00 level=INFO source=/go/src/go-musicfox/utils/storagex/cache.go:102 msg="get play url of song" song=26428032 level=higher
time=2025-02-11T17:04:40.912+08:00 level=INFO source=:0 msg="UnGzip error: gzip: invalid header"
time=2025-02-11T17:04:40.912+08:00 level=INFO source=/go/src/go-musicfox/vendor/github.com/cnsilvan/UnblockNeteaseMusic/provider/provider.go:68 msg="find song info" music="{Quality:ExHigh(2) Id:26428032}"
time=2025-02-11T17:04:41.105+08:00 level=INFO source=/go/src/go-musicfox/vendor/github.com/cnsilvan/UnblockNeteaseMusic/provider/provider.go:163 msg="search song:Baby, Don't Cry (人鱼的眼泪) EXO"
time=2025-02-11T17:04:41.738+08:00 level=INFO source=/go/src/go-musicfox/vendor/github.com/cnsilvan/UnblockNeteaseMusic/provider/provider.go:197 msg=consumed time=632.845615ms
time=2025-02-11T17:04:41.738+08:00 level=INFO source=/go/src/go-musicfox/vendor/github.com/cnsilvan/UnblockNeteaseMusic/provider/provider.go:165 msg="{\"Id\":\"26428032\",\"Size\":9440961,\"Br\":320000,\"Url\":\"http://lv.sycdn.kuwo.cn/62fdd99c34d9e1f9486eaea792c7dcd3/67ab12cc/resource/30106/trackmedia/M800004JKBiN4ApXXT.mp3?bitrate\",\"Md5\":\"\",\"Name\":\"Baby Don't Cry (人鱼的眼泪)\",\"Artist\":\"EXO\",\"AlbumName\":\"The 1st Album 'XOXO (Kiss&Hug)' Repackage\",\"MatchScore\":0.90000004,\"Source\":\"kuwo\"}\n"
time=2025-02-11T17:04:41.738+08:00 level=INFO source=/go/src/go-musicfox/utils/storagex/cache.go:141 msg="music size" size="9.00 MB"
time=2025-02-11T17:04:41.738+08:00 level=INFO source=/go/src/go-musicfox/internal/ui/player.go:460 msg="Start play song" url=http://lv.sycdn.kuwo.cn/62fdd99c34d9e1f9486eaea792c7dcd3/67ab12cc/resource/30106/trackmedia/M800004JKBiN4ApXXT.mp3?bitrate type=mp3 song="{Id:26428032 Name:Baby, Don't Cry (人鱼的眼泪) Alg: Duration:3m55.946s Artists:[{Id:759509 Name:EXO}] Album:{Id:2495077 Name:The 1st Album XOXO (KISS&HUG) PicUrl:http://p1.music.126.net/jE-pJWN1TFqkEqJT6RShWw==/2289183209092034.jpg Artists:[]}}"
time=2025-02-11T17:04:41.762+08:00 level=ERROR source=/go/src/go-musicfox/internal/lastfm/api.go:51 msg="Lastfm other err" error="empty session key\ngithub.com/go-musicfox/go-musicfox/internal/lastfm.(*Client).UpdateNowPlaying\n\t/go/src/go-musicfox/internal/lastfm/api.go:91\ngithub.com/go-musicfox/go-musicfox/internal/lastfm.Report.func1\n\t/go/src/go-musicfox/internal/lastfm/api.go:148\nruntime.goexit\n\t/usr/local/go/src/runtime/asm_amd64.s:1695"
time=2025-02-11T17:04:41.896+08:00 level=INFO source=/go/src/go-musicfox/internal/player/beep_player.go:205 msg="current song sample rate" sample_rate=44100
time=2025-02-11T17:04:42.769+08:00 level=INFO source=/go/src/go-musicfox/utils/storagex/download.go:195 msg=缓存歌曲成功 file=26428032-2.mp3
time=2025-02-11T17:08:37.947+08:00 level=INFO source=/go/src/go-musicfox/utils/storagex/cache.go:102 msg="get play url of song" song=2668317465 level=higher
time=2025-02-11T17:08:38.067+08:00 level=INFO source=/go/src/go-musicfox/utils/storagex/cache.go:141 msg="music size" size="6.04 MB"
time=2025-02-11T17:08:38.067+08:00 level=INFO source=/go/src/go-musicfox/internal/ui/player.go:460 msg="Start play song" url="http://m701.music.126.net/20250211173412/7cb4b2964e50604e235d9495f031edde/jdymusic/obj/wo3DlMOGwrbDjj7DisKw/57800165106/bc5d/1d5d/64a9/72ef093088ebc697e795dda906eb4c0d.mp3?vuutv=Kt8wxMpcPEjzmQHBvLPabw8WZIWZEvmddXe15ruvF+gzEpphenmx61ydqWVUUgNs71BwWSkwSQOJakGI+oZpg7EQiQ6JojBJwomzDvxE7dojCMTf+VecQe3tZB7oZD3r5LaT/8GiNKYRYE62Ckp08l3kHnzLQ1tKb4vH+kMkBA4=" type=mp3 song="{Id:2668317465 Name:嗵嗵 Alg: Duration:4m23.933s Artists:[{Id:57076584 Name:DOUDOU}] Album:{Id:260475189 Name:嗵嗵 PicUrl:http://p1.music.126.net/vr6mTdOFxeIAaPyq2l1xDA==/109951170412654905.jpg Artists:[]}}"
time=2025-02-11T17:08:38.206+08:00 level=ERROR source=/go/src/go-musicfox/internal/lastfm/api.go:51 msg="Lastfm other err" error="empty session key\ngithub.com/go-musicfox/go-musicfox/internal/lastfm.(*Client).UpdateNowPlaying\n\t/go/src/go-musicfox/internal/lastfm/api.go:91\ngithub.com/go-musicfox/go-musicfox/internal/lastfm.Report.func1\n\t/go/src/go-musicfox/internal/lastfm/api.go:148\nruntime.goexit\n\t/usr/local/go/src/runtime/asm_amd64.s:1695"
time=2025-02-11T17:08:38.249+08:00 level=INFO source=/go/src/go-musicfox/internal/player/beep_player.go:205 msg="current song sample rate" sample_rate=48000
time=2025-02-11T17:08:38.759+08:00 level=INFO source=/go/src/go-musicfox/utils/storagex/download.go:195 msg=缓存歌曲成功 file=2668317465-2.mp3
time=2025-02-11T17:13:02.250+08:00 level=INFO source=/go/src/go-musicfox/utils/storagex/cache.go:102 msg="get play url of song" song=150560 level=higher
time=2025-02-11T17:13:02.526+08:00 level=INFO source=:0 msg="UnGzip error: gzip: invalid header"
time=2025-02-11T17:13:02.526+08:00 level=INFO source=/go/src/go-musicfox/vendor/github.com/cnsilvan/UnblockNeteaseMusic/provider/provider.go:68 msg="find song info" music="{Quality:ExHigh(2) Id:150560}"
time=2025-02-11T17:13:02.712+08:00 level=INFO source=/go/src/go-musicfox/vendor/github.com/cnsilvan/UnblockNeteaseMusic/provider/provider.go:163 msg="search song:讨厌红楼梦 陶喆"
time=2025-02-11T17:13:03.317+08:00 level=INFO source=/go/src/go-musicfox/vendor/github.com/cnsilvan/UnblockNeteaseMusic/provider/provider.go:197 msg=consumed time=605.083968ms
time=2025-02-11T17:13:03.317+08:00 level=INFO source=/go/src/go-musicfox/vendor/github.com/cnsilvan/UnblockNeteaseMusic/provider/provider.go:165 msg="{\"Id\":\"150560\",\"Size\":3879206,\"Br\":128000,\"Url\":\"http://rc.sycdn.kuwo.cn/3d351e99612d03d9dbe0d412ad6c5245/67ab14c1/resource/n3/28/72/648546753.mp3?bitrate\",\"Md5\":\"\",\"Name\":\"讨厌红楼梦\",\"Artist\":\"陶喆\",\"AlbumName\":\"黑色柳丁\",\"MatchScore\":1,\"Source\":\"kuwo\"}\n"
time=2025-02-11T17:13:03.318+08:00 level=INFO source=/go/src/go-musicfox/utils/storagex/cache.go:141 msg="music size" size="3.70 MB"
time=2025-02-11T17:13:03.318+08:00 level=INFO source=/go/src/go-musicfox/internal/ui/player.go:460 msg="Start play song" url=http://rc.sycdn.kuwo.cn/3d351e99612d03d9dbe0d412ad6c5245/67ab14c1/resource/n3/28/72/648546753.mp3?bitrate type=mp3 song="{Id:150560 Name:讨厌红楼梦 Alg: Duration:4m2.373s Artists:[{Id:5196 Name:陶喆}] Album:{Id:15190 Name:黑色柳丁 PicUrl:http://p1.music.126.net/FLIHPqpkfUBimQZB370agQ==/109951169237251638.jpg Artists:[]}}"
time=2025-02-11T17:13:03.351+08:00 level=ERROR source=/go/src/go-musicfox/internal/lastfm/api.go:51 msg="Lastfm other err" error="empty session key\ngithub.com/go-musicfox/go-musicfox/internal/lastfm.(*Client).UpdateNowPlaying\n\t/go/src/go-musicfox/internal/lastfm/api.go:91\ngithub.com/go-musicfox/go-musicfox/internal/lastfm.Report.func1\n\t/go/src/go-musicfox/internal/lastfm/api.go:148\nruntime.goexit\n\t/usr/local/go/src/runtime/asm_amd64.s:1695"
time=2025-02-11T17:13:03.498+08:00 level=INFO source=/go/src/go-musicfox/internal/player/beep_player.go:205 msg="current song sample rate" sample_rate=44100
time=2025-02-11T17:13:03.737+08:00 level=INFO source=/go/src/go-musicfox/utils/storagex/download.go:195 msg=缓存歌曲成功 file=150560-2.mp3
time=2025-02-11T17:17:05.949+08:00 level=INFO source=/go/src/go-musicfox/utils/storagex/cache.go:102 msg="get play url of song" song=1379918404 level=higher
time=2025-02-11T17:17:06.073+08:00 level=INFO source=/go/src/go-musicfox/utils/storagex/cache.go:141 msg="music size" size="5.17 MB"
time=2025-02-11T17:17:06.073+08:00 level=INFO source=/go/src/go-musicfox/internal/ui/player.go:460 msg="Start play song" url="http://m801.music.126.net/20250211174240/6b6586b3da17665e1dc00d7061ac6dc3/jdymusic/obj/wo3DlMOGwrbDjj7DisKw/13008550582/ff49/a7d2/d13f/e850628daa540eb69ea05bddde8e8c5c.mp3?vuutv=WUDc3A5K6+IsYk1NyhQLKz782HSgwUgRuJ9rWGO7VTwkVZip+9X/BO0WHJPpE7E10PbLiQ3gvwEFbSKvdoJrU3Ot9/5NOlGpG97GLwg+4EjLcoxTXc7CG2k+VvRhzeITYNUcUyZav+GtxB8z69FxOQVIzAo6Sth4/Its04qMBEU=" type=mp3 song="{Id:1379918404 Name:time machine (feat. aren park) Alg: Duration:3m45.933s Artists:[{Id:32840926 Name:mj apanay} {Id:32840003 Name:aren park}] Album:{Id:80592085 Name:seen 11:23 pm PicUrl:http://p2.music.126.net/b15pmn1qj28nyam8DdcCHA==/109951167480966719.jpg Artists:[]}}"
time=2025-02-11T17:17:06.146+08:00 level=ERROR source=/go/src/go-musicfox/internal/lastfm/api.go:51 msg="Lastfm other err" error="empty session key\ngithub.com/go-musicfox/go-musicfox/internal/lastfm.(*Client).UpdateNowPlaying\n\t/go/src/go-musicfox/internal/lastfm/api.go:91\ngithub.com/go-musicfox/go-musicfox/internal/lastfm.Report.func1\n\t/go/src/go-musicfox/internal/lastfm/api.go:148\nruntime.goexit\n\t/usr/local/go/src/runtime/asm_amd64.s:1695"
time=2025-02-11T17:17:06.243+08:00 level=INFO source=/go/src/go-musicfox/internal/player/beep_player.go:205 msg="current song sample rate" sample_rate=44100
time=2025-02-11T17:17:06.562+08:00 level=INFO source=/go/src/go-musicfox/utils/storagex/download.go:195 msg=缓存歌曲成功 file=1379918404-2.mp3
time=2025-02-11T17:20:52.253+08:00 level=INFO source=/go/src/go-musicfox/utils/storagex/cache.go:102 msg="get play url of song" song=2660579988 level=higher
time=2025-02-11T17:20:52.503+08:00 level=INFO source=:0 msg="UnGzip error: gzip: invalid header"
time=2025-02-11T17:20:52.503+08:00 level=INFO source=/go/src/go-musicfox/vendor/github.com/cnsilvan/UnblockNeteaseMusic/provider/provider.go:68 msg="find song info" music="{Quality:ExHigh(2) Id:2660579988}"
time=2025-02-11T17:20:52.687+08:00 level=INFO source=/go/src/go-musicfox/vendor/github.com/cnsilvan/UnblockNeteaseMusic/provider/provider.go:163 msg="search song:大山 (Live版) 王睿卓"
time=2025-02-11T17:20:53.368+08:00 level=INFO source=/go/src/go-musicfox/vendor/github.com/cnsilvan/UnblockNeteaseMusic/provider/provider.go:197 msg=consumed time=680.732037ms
time=2025-02-11T17:20:53.368+08:00 level=INFO source=/go/src/go-musicfox/vendor/github.com/cnsilvan/UnblockNeteaseMusic/provider/provider.go:165 msg="{\"Id\":\"2660579988\",\"Size\":8861987,\"Br\":320000,\"Url\":\"http://er.sycdn.kuwo.cn/87ad07083534f9a680acf2a548f6c6a3/67ab1697/resource/30106/trackmedia/M800004ejhv02PrzPN.mp3?bitrate\",\"Md5\":\"\",\"Name\":\"大山 (Live)\",\"Artist\":\"王睿卓\",\"AlbumName\":\"有歌2024 第12期\",\"MatchScore\":0.79375005,\"Source\":\"kuwo\"}\n"
time=2025-02-11T17:20:53.368+08:00 level=INFO source=/go/src/go-musicfox/utils/storagex/cache.go:141 msg="music size" size="8.45 MB"
time=2025-02-11T17:20:53.368+08:00 level=INFO source=/go/src/go-musicfox/internal/ui/player.go:460 msg="Start play song" url=http://er.sycdn.kuwo.cn/87ad07083534f9a680acf2a548f6c6a3/67ab1697/resource/30106/trackmedia/M800004ejhv02PrzPN.mp3?bitrate type=mp3 song="{Id:2660579988 Name:大山 (Live版) Alg: Duration:3m41.47s Artists:[{Id:52113028 Name:王睿卓}] Album:{Id:257967407 Name:有歌2024 第12期 PicUrl:http://p1.music.126.net/WedqT-ayuBbSzlua6Vcy4g==/109951170312100558.jpg Artists:[]}}"
time=2025-02-11T17:20:53.400+08:00 level=ERROR source=/go/src/go-musicfox/internal/lastfm/api.go:51 msg="Lastfm other err" error="empty session key\ngithub.com/go-musicfox/go-musicfox/internal/lastfm.(*Client).UpdateNowPlaying\n\t/go/src/go-musicfox/internal/lastfm/api.go:91\ngithub.com/go-musicfox/go-musicfox/internal/lastfm.Report.func1\n\t/go/src/go-musicfox/internal/lastfm/api.go:148\nruntime.goexit\n\t/usr/local/go/src/runtime/asm_amd64.s:1695"
time=2025-02-11T17:20:53.524+08:00 level=INFO source=/go/src/go-musicfox/internal/player/beep_player.go:205 msg="current song sample rate" sample_rate=44100
time=2025-02-11T17:20:54.681+08:00 level=INFO source=/go/src/go-musicfox/utils/storagex/download.go:195 msg=缓存歌曲成功 file=2660579988-2.mp3
time=2025-02-11T17:24:35.047+08:00 level=INFO source=/go/src/go-musicfox/utils/storagex/cache.go:102 msg="get play url of song" song=2656246803 level=higher
time=2025-02-11T17:24:35.167+08:00 level=INFO source=/go/src/go-musicfox/utils/storagex/cache.go:141 msg="music size" size="4.85 MB"
time=2025-02-11T17:24:35.167+08:00 level=INFO source=/go/src/go-musicfox/internal/ui/player.go:460 msg="Start play song" url="http://m801.music.126.net/20250211175009/faaf9b85f1672cc345070ae1dc2d26f1/jdymusic/obj/wo3DlMOGwrbDjj7DisKw/57048863090/007c/38e2/a787/7d035723bb7d5375ba2617b57fbf1291.mp3?vuutv=AkdhNlqBLUZBaXZvd+XlbFAaY8w5Th4fM/fdl/Jr/W5q/4/hFBHVBGwUNC5jQmnA9YpDd5sY2oxtdxew+ab9eiYqE8AqNQeKI8//gnqL7vxjEn9Ndpu2U5h7KhBdWnsw3aRD8b07qbo+UBVVjKJ6weg5IW3mRPi1AB3dv90iPMc=" type=mp3 song="{Id:2656246803 Name:消散对白 Alg: Duration:3m31.886s Artists:[{Id:31388779 Name:丁禹兮}] Album:{Id:256836054 Name:消散对白 PicUrl:http://p1.music.126.net/o9waVgbnSHG-Gq0bDe5_8A==/109951170257936438.jpg Artists:[]}}"
time=2025-02-11T17:24:35.240+08:00 level=ERROR source=/go/src/go-musicfox/internal/lastfm/api.go:51 msg="Lastfm other err" error="empty session key\ngithub.com/go-musicfox/go-musicfox/internal/lastfm.(*Client).UpdateNowPlaying\n\t/go/src/go-musicfox/internal/lastfm/api.go:91\ngithub.com/go-musicfox/go-musicfox/internal/lastfm.Report.func1\n\t/go/src/go-musicfox/internal/lastfm/api.go:148\nruntime.goexit\n\t/usr/local/go/src/runtime/asm_amd64.s:1695"
time=2025-02-11T17:24:35.332+08:00 level=INFO source=/go/src/go-musicfox/internal/player/beep_player.go:205 msg="current song sample rate" sample_rate=48000
time=2025-02-11T17:24:36.962+08:00 level=INFO source=/go/src/go-musicfox/utils/storagex/download.go:195 msg=缓存歌曲成功 file=2656246803-2.mp3
time=2025-02-11T17:28:07.347+08:00 level=INFO source=/go/src/go-musicfox/utils/storagex/cache.go:102 msg="get play url of song" song=2672178703 level=higher
time=2025-02-11T17:28:07.489+08:00 level=INFO source=/go/src/go-musicfox/utils/storagex/cache.go:141 msg="music size" size="4.64 MB"
time=2025-02-11T17:28:07.489+08:00 level=INFO source=/go/src/go-musicfox/internal/ui/player.go:460 msg="Start play song" url="http://m701.music.126.net/20250211175341/f7e8057e9a2abf48cdd446694e8110ea/jdymusic/obj/wo3DlMOGwrbDjj7DisKw/58033843335/ec78/bfea/a1c7/1bdb210724e36cc13c2186f7b546196c.mp3?vuutv=5ugJM1P1O545vfvtHjlYtjvDuJjh/pwYe9uaq+X4YJOM84aOAFWxlynuVtGgK1q5W9Ex9eNZysGLoYJcirt3P+/mOIIG+wUmBPZASmgpEHTpM0PgQhQXaO4Pz98zbmNXAHkIBQnLRfq5s6+O+nBlWWpph37VcvlA9wchwHwdEZQ=" type=mp3 song="{Id:2672178703 Name:Dancing in the Dark 2.0 (feat. 等一下就回家) Alg: Duration:3m22.718s Artists:[{Id:34957138 Name:Jasmine Kelly} {Id:33450736 Name:lushroom} {Id:50756062 Name:sanjay.} {Id:13027753 Name:等一下就回家}] Album:{Id:261859916 Name:Dancing in the Dark 2.0 (feat. 等一下就回家) PicUrl:http://p1.music.126.net/-G5VA2FZV4sdWz-0jACR7A==/109951170454145691.jpg Artists:[]}}"
time=2025-02-11T17:28:07.565+08:00 level=ERROR source=/go/src/go-musicfox/internal/lastfm/api.go:51 msg="Lastfm other err" error="empty session key\ngithub.com/go-musicfox/go-musicfox/internal/lastfm.(*Client).UpdateNowPlaying\n\t/go/src/go-musicfox/internal/lastfm/api.go:91\ngithub.com/go-musicfox/go-musicfox/internal/lastfm.Report.func1\n\t/go/src/go-musicfox/internal/lastfm/api.go:148\nruntime.goexit\n\t/usr/local/go/src/runtime/asm_amd64.s:1695"
time=2025-02-11T17:28:07.662+08:00 level=INFO source=/go/src/go-musicfox/internal/player/beep_player.go:205 msg="current song sample rate" sample_rate=48000
time=2025-02-11T17:28:07.989+08:00 level=INFO source=/go/src/go-musicfox/utils/storagex/download.go:195 msg=缓存歌曲成功 file=2672178703-2.mp3
time=2025-02-11T17:31:30.451+08:00 level=INFO source=/go/src/go-musicfox/utils/storagex/cache.go:102 msg="get play url of song" song=1969012016 level=higher
time=2025-02-11T17:31:30.695+08:00 level=INFO source=:0 msg="UnGzip error: gzip: invalid header"
time=2025-02-11T17:31:30.695+08:00 level=INFO source=/go/src/go-musicfox/vendor/github.com/cnsilvan/UnblockNeteaseMusic/provider/provider.go:68 msg="find song info" music="{Quality:ExHigh(2) Id:1969012016}"
time=2025-02-11T17:31:30.921+08:00 level=INFO source=/go/src/go-musicfox/vendor/github.com/cnsilvan/UnblockNeteaseMusic/provider/provider.go:163 msg="search song:不配说爱我 常艾非"
time=2025-02-11T17:31:31.510+08:00 level=INFO source=/go/src/go-musicfox/vendor/github.com/cnsilvan/UnblockNeteaseMusic/provider/provider.go:197 msg=consumed time=588.983506ms
time=2025-02-11T17:31:31.510+08:00 level=INFO source=/go/src/go-musicfox/vendor/github.com/cnsilvan/UnblockNeteaseMusic/provider/provider.go:165 msg="{\"Id\":\"1969012016\",\"Size\":8643523,\"Br\":320000,\"Url\":\"http://ra.sycdn.kuwo.cn/5da73a994271cb3b557cb6341c34b2a3/67ab1915/resource/n3/75/47/803380184.mp3?bitrate\",\"Md5\":\"\",\"Name\":\"不配说爱我\",\"Artist\":\"常艾非\",\"AlbumName\":\"非常爱\",\"MatchScore\":1,\"Source\":\"kuwo\"}\n"
time=2025-02-11T17:31:31.510+08:00 level=INFO source=/go/src/go-musicfox/utils/storagex/cache.go:141 msg="music size" size="8.24 MB"
time=2025-02-11T17:31:31.510+08:00 level=INFO source=/go/src/go-musicfox/internal/ui/player.go:460 msg="Start play song" url=http://ra.sycdn.kuwo.cn/5da73a994271cb3b557cb6341c34b2a3/67ab1915/resource/n3/75/47/803380184.mp3?bitrate type=mp3 song="{Id:1969012016 Name:不配说爱我 Alg: Duration:3m36s Artists:[{Id:7379 Name:常艾非}] Album:{Id:149064204 Name:带你的耳朵去草原 PicUrl:http://p2.music.126.net/C9ixGhEinzY7Yqz7rCocmg==/109951167739588526.jpg Artists:[]}}"
time=2025-02-11T17:31:31.549+08:00 level=ERROR source=/go/src/go-musicfox/internal/lastfm/api.go:51 msg="Lastfm other err" error="empty session key\ngithub.com/go-musicfox/go-musicfox/internal/lastfm.(*Client).UpdateNowPlaying\n\t/go/src/go-musicfox/internal/lastfm/api.go:91\ngithub.com/go-musicfox/go-musicfox/internal/lastfm.Report.func1\n\t/go/src/go-musicfox/internal/lastfm/api.go:148\nruntime.goexit\n\t/usr/local/go/src/runtime/asm_amd64.s:1695"
time=2025-02-11T17:31:31.667+08:00 level=INFO source=/go/src/go-musicfox/internal/player/beep_player.go:205 msg="current song sample rate" sample_rate=44100
time=2025-02-11T17:31:32.590+08:00 level=INFO source=/go/src/go-musicfox/utils/storagex/download.go:195 msg=缓存歌曲成功 file=1969012016-2.mp3
time=2025-02-11T17:35:07.754+08:00 level=INFO source=/go/src/go-musicfox/utils/storagex/cache.go:102 msg="get play url of song" song=2672710852 level=higher
time=2025-02-11T17:35:07.876+08:00 level=INFO source=/go/src/go-musicfox/utils/storagex/cache.go:141 msg="music size" size="2.62 MB"
time=2025-02-11T17:35:07.876+08:00 level=INFO source=/go/src/go-musicfox/internal/ui/player.go:460 msg="Start play song" url="http://m701.music.126.net/20250211180042/8d8eac468d6d27a38134f7972c00a1f4/jdymusic/obj/wo3DlMOGwrbDjj7DisKw/58063860567/ff92/2c33/a5bb/9f6feaf51d8f7fc8628e669d5c33c210.mp3?vuutv=ulCVKSdRLa7/N3U2E8IX0CGar4EivG6oOzsHNYwDwxMiV23a/85sM1blqI28gKVjkJ44TyznYICKK1B/M3+Kx2ju/4EckHDZAOP2JxgiQWR9Z5bNVbvKSWAjNz6eOx9DVzFWrFQRhCoVrS7obdQ+ieCjZrvUaCNOWNKbR3peNIg=" type=mp3 song="{Id:2672710852 Name:Forever Alg: Duration:2m51.415s Artists:[{Id:12544511 Name:keshi}] Album:{Id:262064165 Name:Requiem (Deluxe) PicUrl:http://p2.music.126.net/JxUnJOCKAkAcji0elaKDrA==/109951170460136288.jpg Artists:[]}}"
time=2025-02-11T17:35:07.945+08:00 level=ERROR source=/go/src/go-musicfox/internal/lastfm/api.go:51 msg="Lastfm other err" error="empty session key\ngithub.com/go-musicfox/go-musicfox/internal/lastfm.(*Client).UpdateNowPlaying\n\t/go/src/go-musicfox/internal/lastfm/api.go:91\ngithub.com/go-musicfox/go-musicfox/internal/lastfm.Report.func1\n\t/go/src/go-musicfox/internal/lastfm/api.go:148\nruntime.goexit\n\t/usr/local/go/src/runtime/asm_amd64.s:1695"
time=2025-02-11T17:35:08.047+08:00 level=INFO source=/go/src/go-musicfox/internal/player/beep_player.go:205 msg="current song sample rate" sample_rate=44100
time=2025-02-11T17:35:08.283+08:00 level=INFO source=/go/src/go-musicfox/utils/storagex/download.go:195 msg=缓存歌曲成功 file=2672710852-2.mp3
time=2025-02-11T17:37:59.647+08:00 level=INFO source=/go/src/go-musicfox/utils/storagex/cache.go:102 msg="get play url of song" song=208940 level=higher
time=2025-02-11T17:37:59.869+08:00 level=INFO source=:0 msg="UnGzip error: gzip: invalid header"
time=2025-02-11T17:37:59.869+08:00 level=INFO source=/go/src/go-musicfox/vendor/github.com/cnsilvan/UnblockNeteaseMusic/provider/provider.go:68 msg="find song info" music="{Quality:ExHigh(2) Id:208940}"
time=2025-02-11T17:38:00.038+08:00 level=INFO source=/go/src/go-musicfox/vendor/github.com/cnsilvan/UnblockNeteaseMusic/provider/provider.go:163 msg="search song:越来越不懂 蔡健雅"
time=2025-02-11T17:38:00.645+08:00 level=INFO source=/go/src/go-musicfox/vendor/github.com/cnsilvan/UnblockNeteaseMusic/provider/provider.go:197 msg=consumed time=607.695088ms
time=2025-02-11T17:38:00.645+08:00 level=INFO source=/go/src/go-musicfox/vendor/github.com/cnsilvan/UnblockNeteaseMusic/provider/provider.go:165 msg="{\"Id\":\"208940\",\"Size\":3990896,\"Br\":128000,\"Url\":\"http://er.sycdn.kuwo.cn/83f9fb26e60797757cef8c4f9a4e05bb/67ab1a9a/resource/30106/trackmedia/M500003FjT4Z1W3Iln.mp3?bitrate\",\"Md5\":\"\",\"Name\":\"越来越不懂\",\"Artist\":\"蔡健雅\",\"AlbumName\":\"Goodbye & Hello\",\"MatchScore\":1,\"Source\":\"kuwo\"}\n"
time=2025-02-11T17:38:00.646+08:00 level=INFO source=/go/src/go-musicfox/utils/storagex/cache.go:141 msg="music size" size="3.81 MB"
time=2025-02-11T17:38:00.646+08:00 level=INFO source=/go/src/go-musicfox/internal/ui/player.go:460 msg="Start play song" url=http://er.sycdn.kuwo.cn/83f9fb26e60797757cef8c4f9a4e05bb/67ab1a9a/resource/30106/trackmedia/M500003FjT4Z1W3Iln.mp3?bitrate type=mp3 song="{Id:208940 Name:越来越不懂 Alg: Duration:4m9.36s Artists:[{Id:7214 Name:蔡健雅}] Album:{Id:21257 Name:Goodbye & Hello PicUrl:http://p1.music.126.net/AryQmM2GgfCk4C9XfwV5uQ==/109951168271384367.jpg Artists:[]}}"
time=2025-02-11T17:38:00.678+08:00 level=ERROR source=/go/src/go-musicfox/internal/lastfm/api.go:51 msg="Lastfm other err" error="empty session key\ngithub.com/go-musicfox/go-musicfox/internal/lastfm.(*Client).UpdateNowPlaying\n\t/go/src/go-musicfox/internal/lastfm/api.go:91\ngithub.com/go-musicfox/go-musicfox/internal/lastfm.Report.func1\n\t/go/src/go-musicfox/internal/lastfm/api.go:148\nruntime.goexit\n\t/usr/local/go/src/runtime/asm_amd64.s:1695"
time=2025-02-11T17:38:00.795+08:00 level=INFO source=/go/src/go-musicfox/internal/player/beep_player.go:205 msg="current song sample rate" sample_rate=44100
time=2025-02-11T17:38:01.249+08:00 level=INFO source=/go/src/go-musicfox/utils/storagex/download.go:195 msg=缓存歌曲成功 file=208940-2.mp3
time=2025-02-11T17:42:10.248+08:00 level=INFO source=/go/src/go-musicfox/utils/storagex/cache.go:102 msg="get play url of song" song=2647831829 level=higher
time=2025-02-11T17:42:10.370+08:00 level=INFO source=/go/src/go-musicfox/utils/storagex/cache.go:141 msg="music size" size="2.96 MB"
time=2025-02-11T17:42:10.370+08:00 level=INFO source=/go/src/go-musicfox/internal/ui/player.go:460 msg="Start play song" url="http://m801.music.126.net/20250211180744/4ecf07b2ec69579e19927fa49a3185f7/jdymusic/obj/wo3DlMOGwrbDjj7DisKw/56572092815/7b54/8882/2074/6ed7c0a290c01ff0edd4c2412ec8a9d5.mp3?vuutv=AinZg7V4BBSd4VRB13VIFpZsyRMRMw//OBytzEp/Rpky2qqXn2/DtqkuOKLdUNEMK5Sp9NiI5yGRZiqRPlxQZ78WD9Vv09ds3CoiAbhYqzSmU3mBoxpHJdBZAhdOx0Ta/9JbQM22iE6bOigewwE2msdpQ5dAwXUCQjcwAtl4uU8=" type=mp3 song="{Id:2647831829 Name:我爱你但是我要回家 Alg: Duration:3m14.218s Artists:[{Id:49513323 Name:ET} {Id:58203900 Name:Happer} {Id:31347027 Name:无面小生} {Id:60685046 Name:口古口古}] Album:{Id:254188739 Name:我爱你但是我要回家 PicUrl:http://p2.music.126.net/VZe8WHdF3L9A2oEVVVmh1g==/109951170165615900.jpg Artists:[]}}"
time=2025-02-11T17:42:10.512+08:00 level=ERROR source=/go/src/go-musicfox/internal/lastfm/api.go:51 msg="Lastfm other err" error="empty session key\ngithub.com/go-musicfox/go-musicfox/internal/lastfm.(*Client).UpdateNowPlaying\n\t/go/src/go-musicfox/internal/lastfm/api.go:91\ngithub.com/go-musicfox/go-musicfox/internal/lastfm.Report.func1\n\t/go/src/go-musicfox/internal/lastfm/api.go:148\nruntime.goexit\n\t/usr/local/go/src/runtime/asm_amd64.s:1695"
time=2025-02-11T17:42:10.557+08:00 level=INFO source=/go/src/go-musicfox/internal/player/beep_player.go:205 msg="current song sample rate" sample_rate=48000
time=2025-02-11T17:42:10.897+08:00 level=INFO source=/go/src/go-musicfox/utils/storagex/download.go:195 msg=缓存歌曲成功 file=2647831829-2.mp3
time=2025-02-11T17:45:24.852+08:00 level=INFO source=/go/src/go-musicfox/utils/storagex/cache.go:102 msg="get play url of song" song=1301736461 level=higher
time=2025-02-11T17:45:25.125+08:00 level=INFO source=:0 msg="UnGzip error: gzip: invalid header"
time=2025-02-11T17:45:25.125+08:00 level=INFO source=/go/src/go-musicfox/vendor/github.com/cnsilvan/UnblockNeteaseMusic/provider/provider.go:68 msg="find song info" music="{Quality:ExHigh(2) Id:1301736461}"
time=2025-02-11T17:45:25.320+08:00 level=INFO source=/go/src/go-musicfox/vendor/github.com/cnsilvan/UnblockNeteaseMusic/provider/provider.go:163 msg="search song:爱错 王力宏"
time=2025-02-11T17:45:25.948+08:00 level=INFO source=/go/src/go-musicfox/vendor/github.com/cnsilvan/UnblockNeteaseMusic/provider/provider.go:197 msg=consumed time=627.531247ms
time=2025-02-11T17:45:25.948+08:00 level=INFO source=/go/src/go-musicfox/vendor/github.com/cnsilvan/UnblockNeteaseMusic/provider/provider.go:165 msg="{\"Id\":\"1301736461\",\"Size\":9555788,\"Br\":320000,\"Url\":\"http://lw.sycdn.kuwo.cn/f1356d645ddf0c73ba323cbc5a36a267/67ab1c58/resource/30106/trackmedia/M800004fneUm24gD2c.mp3?bitrate\",\"Md5\":\"\",\"Name\":\"爱错\",\"Artist\":\"王力宏\",\"AlbumName\":\"心中的日月\",\"MatchScore\":1,\"Source\":\"kuwo\"}\n"
time=2025-02-11T17:45:25.948+08:00 level=INFO source=/go/src/go-musicfox/utils/storagex/cache.go:141 msg="music size" size="9.11 MB"
time=2025-02-11T17:45:25.948+08:00 level=INFO source=/go/src/go-musicfox/internal/ui/player.go:460 msg="Start play song" url=http://lw.sycdn.kuwo.cn/f1356d645ddf0c73ba323cbc5a36a267/67ab1c58/resource/30106/trackmedia/M800004fneUm24gD2c.mp3?bitrate type=mp3 song="{Id:1301736461 Name:爱错 Alg: Duration:3m58.826s Artists:[{Id:5346 Name:王力宏}] Album:{Id:72309025 Name:恋爱占星音乐全精选 PicUrl:http://p2.music.126.net/febOkiCikU5OcjVLqGNLlg==/109951165994484307.jpg Artists:[]}}"
time=2025-02-11T17:45:25.975+08:00 level=ERROR source=/go/src/go-musicfox/internal/lastfm/api.go:51 msg="Lastfm other err" error="empty session key\ngithub.com/go-musicfox/go-musicfox/internal/lastfm.(*Client).UpdateNowPlaying\n\t/go/src/go-musicfox/internal/lastfm/api.go:91\ngithub.com/go-musicfox/go-musicfox/internal/lastfm.Report.func1\n\t/go/src/go-musicfox/internal/lastfm/api.go:148\nruntime.goexit\n\t/usr/local/go/src/runtime/asm_amd64.s:1695"
time=2025-02-11T17:45:26.099+08:00 level=INFO source=/go/src/go-musicfox/internal/player/beep_player.go:205 msg="current song sample rate" sample_rate=44100
time=2025-02-11T17:45:27.079+08:00 level=INFO source=/go/src/go-musicfox/utils/storagex/download.go:195 msg=缓存歌曲成功 file=1301736461-2.mp3
time=2025-02-11T17:49:24.949+08:00 level=INFO source=/go/src/go-musicfox/utils/storagex/cache.go:102 msg="get play url of song" song=1956503289 level=higher
time=2025-02-11T17:49:25.193+08:00 level=INFO source=:0 msg="UnGzip error: gzip: invalid header"
time=2025-02-11T17:49:25.194+08:00 level=INFO source=/go/src/go-musicfox/vendor/github.com/cnsilvan/UnblockNeteaseMusic/provider/provider.go:68 msg="find song info" music="{Quality:ExHigh(2) Id:1956503289}"
time=2025-02-11T17:49:25.361+08:00 level=INFO source=/go/src/go-musicfox/vendor/github.com/cnsilvan/UnblockNeteaseMusic/provider/provider.go:163 msg="search song:偷听对白 Joysaaaa"
time=2025-02-11T17:49:25.932+08:00 level=INFO source=/go/src/go-musicfox/vendor/github.com/cnsilvan/UnblockNeteaseMusic/provider/provider.go:197 msg=consumed time=570.998567ms
time=2025-02-11T17:49:25.932+08:00 level=INFO source=/go/src/go-musicfox/vendor/github.com/cnsilvan/UnblockNeteaseMusic/provider/provider.go:165 msg="{\"Id\":\"1956503289\",\"Size\":3780648,\"Br\":128000,\"Url\":\"http://lv.sycdn.kuwo.cn/4639a4d9e5d7581758ddab908ec371fd/67ab1d48/resource/30106/trackmedia/M500002GNOE614DhJ7.mp3?bitrate\",\"Md5\":\"\",\"Name\":\"偷听对白\",\"Artist\":\"Joysaaaa\",\"AlbumName\":\"偷听对白\",\"MatchScore\":1,\"Source\":\"kuwo\"}\n"
time=2025-02-11T17:49:25.932+08:00 level=INFO source=/go/src/go-musicfox/utils/storagex/cache.go:141 msg="music size" size="3.61 MB"
time=2025-02-11T17:49:25.932+08:00 level=INFO source=/go/src/go-musicfox/internal/ui/player.go:460 msg="Start play song" url=http://lv.sycdn.kuwo.cn/4639a4d9e5d7581758ddab908ec371fd/67ab1d48/resource/30106/trackmedia/M500002GNOE614DhJ7.mp3?bitrate type=mp3 song="{Id:1956503289 Name:偷听对白 Alg: Duration:3m56.219s Artists:[{Id:31155300 Name:Joysaaaa}] Album:{Id:146621616 Name:偷听对白 PicUrl:http://p2.music.126.net/W4qmd917buQYY7X5WuQNgw==/109951170456423045.jpg Artists:[]}}"
time=2025-02-11T17:49:25.965+08:00 level=ERROR source=/go/src/go-musicfox/internal/lastfm/api.go:51 msg="Lastfm other err" error="empty session key\ngithub.com/go-musicfox/go-musicfox/internal/lastfm.(*Client).UpdateNowPlaying\n\t/go/src/go-musicfox/internal/lastfm/api.go:91\ngithub.com/go-musicfox/go-musicfox/internal/lastfm.Report.func1\n\t/go/src/go-musicfox/internal/lastfm/api.go:148\nruntime.goexit\n\t/usr/local/go/src/runtime/asm_amd64.s:1695"
time=2025-02-11T17:49:26.087+08:00 level=INFO source=/go/src/go-musicfox/internal/player/beep_player.go:205 msg="current song sample rate" sample_rate=44100
time=2025-02-11T17:49:26.442+08:00 level=INFO source=/go/src/go-musicfox/utils/storagex/download.go:195 msg=缓存歌曲成功 file=1956503289-2.mp3
time=2025-02-11T17:53:22.452+08:00 level=INFO source=/go/src/go-musicfox/utils/storagex/cache.go:102 msg="get play url of song" song=2673185380 level=higher
time=2025-02-11T17:53:22.577+08:00 level=INFO source=/go/src/go-musicfox/utils/storagex/cache.go:141 msg="music size" size="4.93 MB"
time=2025-02-11T17:53:22.577+08:00 level=INFO source=/go/src/go-musicfox/internal/ui/player.go:460 msg="Start play song" url="http://m701.music.126.net/20250211181856/27d3c3c2160b77f2cf080382b6dd544b/jdymusic/obj/wo3DlMOGwrbDjj7DisKw/58088530966/b8fc/eec6/926e/6482075aeeec0651d4edc34748f4dc24.mp3?vuutv=G212n1hG7SaA7O7vG9salju5w2LqLD8tdXaHqiIDYPth5df9at9YK+LPaa8KqTfETit/iVc5HcM55gYrZ/YLJb1G9yKfsKz86RoMuQK4L8jXqA2Fau22+scrfeeBZ9rSQt0Oct8pDPby1mO0Dpli1KS///XZ501bE1WHE+pFt7o=" type=mp3 song="{Id:2673185380 Name:风月 Alg: Duration:3m35.322s Artists:[{Id:50683925 Name:林景云NuNew (Chawarin Perdpiriyawong)}] Album:{Id:262213709 Name:风月 PicUrl:http://p1.music.126.net/i92701LsB7H0cMTBAOI6zw==/109951170464267719.jpg Artists:[]}}"
time=2025-02-11T17:53:22.669+08:00 level=ERROR source=/go/src/go-musicfox/internal/lastfm/api.go:51 msg="Lastfm other err" error="empty session key\ngithub.com/go-musicfox/go-musicfox/internal/lastfm.(*Client).UpdateNowPlaying\n\t/go/src/go-musicfox/internal/lastfm/api.go:91\ngithub.com/go-musicfox/go-musicfox/internal/lastfm.Report.func1\n\t/go/src/go-musicfox/internal/lastfm/api.go:148\nruntime.goexit\n\t/usr/local/go/src/runtime/asm_amd64.s:1695"
time=2025-02-11T17:53:22.764+08:00 level=INFO source=/go/src/go-musicfox/internal/player/beep_player.go:205 msg="current song sample rate" sample_rate=48000
time=2025-02-11T17:53:23.116+08:00 level=INFO source=/go/src/go-musicfox/utils/storagex/download.go:195 msg=缓存歌曲成功 file=2673185380-2.mp3
time=2025-02-11T17:56:58.154+08:00 level=INFO source=/go/src/go-musicfox/utils/storagex/cache.go:102 msg="get play url of song" song=2141628303 level=higher
time=2025-02-11T17:56:58.325+08:00 level=INFO source=/go/src/go-musicfox/utils/storagex/cache.go:141 msg="music size" size="5.26 MB"
time=2025-02-11T17:56:58.325+08:00 level=INFO source=/go/src/go-musicfox/internal/ui/player.go:460 msg="Start play song" url="http://m701.music.126.net/20250211182232/c504a98c50ca6856b4fb357b8f3bc712/jdymusic/obj/wo3DlMOGwrbDjj7DisKw/34929945653/1d6f/ba4a/b4e1/bc0dbc626b81bf9275fd7ed3fa66f2df.mp3?vuutv=AUujY8NcpweQBoKOasqKoQuxZGYZhymF7OsHZnlItATHSqjYiv2Ukd26Zh/Lozek+xMXDrrU5kjv5Bs0s4NVAPjyaivYV6xLFjjf/DrnxnKjnqvslSNOL6lKFViNr92e+yOdOJtI1HWba5Q2J/pPfX51giU7tymarclCxL3d3G8=" type=mp3 song="{Id:2141628303 Name:AM Alg: Duration:3m49.745s Artists:[{Id:53760012 Name:T-Chenxi}] Album:{Id:190869005 Name:挽回不了的成就 PicUrl:http://p1.music.126.net/oR0CKWSLe7iozNT-WDR-wA==/109951170412597787.jpg Artists:[]}}"
time=2025-02-11T17:56:58.471+08:00 level=ERROR source=/go/src/go-musicfox/internal/lastfm/api.go:51 msg="Lastfm other err" error="empty session key\ngithub.com/go-musicfox/go-musicfox/internal/lastfm.(*Client).UpdateNowPlaying\n\t/go/src/go-musicfox/internal/lastfm/api.go:91\ngithub.com/go-musicfox/go-musicfox/internal/lastfm.Report.func1\n\t/go/src/go-musicfox/internal/lastfm/api.go:148\nruntime.goexit\n\t/usr/local/go/src/runtime/asm_amd64.s:1695"
time=2025-02-11T17:56:58.501+08:00 level=INFO source=/go/src/go-musicfox/internal/player/beep_player.go:205 msg="current song sample rate" sample_rate=48000
time=2025-02-11T17:56:58.813+08:00 level=INFO source=/go/src/go-musicfox/utils/storagex/download.go:195 msg=缓存歌曲成功 file=2141628303-2.mp3
time=2025-02-11T18:00:48.256+08:00 level=INFO source=/go/src/go-musicfox/utils/storagex/cache.go:102 msg="get play url of song" song=110452 level=higher
time=2025-02-11T18:00:48.461+08:00 level=INFO source=:0 msg="UnGzip error: gzip: invalid header"
time=2025-02-11T18:00:48.461+08:00 level=INFO source=/go/src/go-musicfox/vendor/github.com/cnsilvan/UnblockNeteaseMusic/provider/provider.go:68 msg="find song info" music="{Quality:ExHigh(2) Id:110452}"
time=2025-02-11T18:00:48.637+08:00 level=INFO source=/go/src/go-musicfox/vendor/github.com/cnsilvan/UnblockNeteaseMusic/provider/provider.go:163 msg="search song:爱转角 罗志祥"
time=2025-02-11T18:00:49.303+08:00 level=INFO source=/go/src/go-musicfox/vendor/github.com/cnsilvan/UnblockNeteaseMusic/provider/provider.go:197 msg=consumed time=665.40193ms
time=2025-02-11T18:00:49.303+08:00 level=INFO source=/go/src/go-musicfox/vendor/github.com/cnsilvan/UnblockNeteaseMusic/provider/provider.go:165 msg="{\"Id\":\"110452\",\"Size\":4725155,\"Br\":128000,\"Url\":\"http://rn.sycdn.kuwo.cn/06ae82ff1f6c2ceb0141f6e8691cd3a1/67ab1ff3/resource/n2/44/84/3976685959.mp3?bitrate\",\"Md5\":\"\",\"Name\":\"爱转角\",\"Artist\":\"罗志祥\",\"AlbumName\":\"Best Show 劲舞天王版\",\"MatchScore\":1,\"Source\":\"kuwo\"}\n"
time=2025-02-11T18:00:49.303+08:00 level=INFO source=/go/src/go-musicfox/utils/storagex/cache.go:141 msg="music size" size="4.51 MB"
time=2025-02-11T18:00:49.303+08:00 level=INFO source=/go/src/go-musicfox/internal/ui/player.go:460 msg="Start play song" url=http://rn.sycdn.kuwo.cn/06ae82ff1f6c2ceb0141f6e8691cd3a1/67ab1ff3/resource/n2/44/84/3976685959.mp3?bitrate type=mp3 song="{Id:110452 Name:爱转角 Alg: Duration:4m53.933s Artists:[{Id:3694 Name:罗志祥}] Album:{Id:10924 Name:Best Show PicUrl:http://p2.music.126.net/RCnZjEjNBAK7x_xD69ec_g==/109951164090088459.jpg Artists:[]}}"
time=2025-02-11T18:00:49.337+08:00 level=ERROR source=/go/src/go-musicfox/internal/lastfm/api.go:51 msg="Lastfm other err" error="empty session key\ngithub.com/go-musicfox/go-musicfox/internal/lastfm.(*Client).UpdateNowPlaying\n\t/go/src/go-musicfox/internal/lastfm/api.go:91\ngithub.com/go-musicfox/go-musicfox/internal/lastfm.Report.func1\n\t/go/src/go-musicfox/internal/lastfm/api.go:148\nruntime.goexit\n\t/usr/local/go/src/runtime/asm_amd64.s:1695"
time=2025-02-11T18:00:49.443+08:00 level=INFO source=/go/src/go-musicfox/internal/player/beep_player.go:205 msg="current song sample rate" sample_rate=44100
time=2025-02-11T18:00:49.696+08:00 level=INFO source=/go/src/go-musicfox/utils/storagex/download.go:195 msg=缓存歌曲成功 file=110452-2.mp3
time=2025-02-11T18:05:44.851+08:00 level=INFO source=/go/src/go-musicfox/utils/storagex/cache.go:102 msg="get play url of song" song=2673296815 level=higher
time=2025-02-11T18:05:44.994+08:00 level=INFO source=/go/src/go-musicfox/utils/storagex/cache.go:141 msg="music size" size="6.10 MB"
time=2025-02-11T18:05:44.994+08:00 level=INFO source=/go/src/go-musicfox/internal/ui/player.go:460 msg="Start play song" url="http://m801.music.126.net/20250211183119/f25f9061015ddbe6af8ebffe492f2c2d/jdymusic/obj/wo3DlMOGwrbDjj7DisKw/58098595701/2ded/b839/d09a/829b2aa204e0f281775ac8b827a57cdc.mp3?vuutv=zbivqVgW2SuVKvVf1PhUxXsKor414VOgAYdCiXh2Z/DCi4q0dO5FkLAuD5oB6jzPN+oQnXH3kA5aTN4IPyHamD4FZCkTUhXdbLivbO4WfZFg3HorY9BdRrxBczLxrbDZ+/BAY08cU2d3VHp5aZ0gHG5diET+jJrJFQicaa4/43k=" type=mp3 song="{Id:2673296815 Name:复刻回忆(无掌声版) Alg: Duration:4m26.48s Artists:[{Id:4726 Name:Pianoboy高至豪}] Album:{Id:13923 Name:复刻回忆 PicUrl:http://p2.music.126.net/5iWOTqqBCdCI5u0j26BBiw==/32985348845744.jpg Artists:[]}}"
time=2025-02-11T18:05:45.144+08:00 level=ERROR source=/go/src/go-musicfox/internal/lastfm/api.go:51 msg="Lastfm other err" error="empty session key\ngithub.com/go-musicfox/go-musicfox/internal/lastfm.(*Client).UpdateNowPlaying\n\t/go/src/go-musicfox/internal/lastfm/api.go:91\ngithub.com/go-musicfox/go-musicfox/internal/lastfm.Report.func1\n\t/go/src/go-musicfox/internal/lastfm/api.go:148\nruntime.goexit\n\t/usr/local/go/src/runtime/asm_amd64.s:1695"
time=2025-02-11T18:05:45.165+08:00 level=INFO source=/go/src/go-musicfox/internal/player/beep_player.go:205 msg="current song sample rate" sample_rate=48000
time=2025-02-11T18:05:45.526+08:00 level=INFO source=/go/src/go-musicfox/utils/storagex/download.go:195 msg=缓存歌曲成功 file=2673296815-2.mp3
time=2025-02-11T18:10:11.754+08:00 level=INFO source=/go/src/go-musicfox/utils/storagex/cache.go:102 msg="get play url of song" song=2672685523 level=higher
time=2025-02-11T18:10:11.906+08:00 level=INFO source=/go/src/go-musicfox/utils/storagex/cache.go:141 msg="music size" size="4.42 MB"
time=2025-02-11T18:10:11.906+08:00 level=INFO source=/go/src/go-musicfox/internal/ui/player.go:460 msg="Start play song" url="http://m801.music.126.net/20250211183546/d0659c6c7931b310a2086a10e1b4d5b2/jdymusic/obj/wo3DlMOGwrbDjj7DisKw/58062616206/f6a7/be8b/4e6d/0b5e1165c408aef2c949a4787ddd7fad.mp3?vuutv=MwZRKBbYLXwME43aYatFUfIkGc9sGsj7XEBkaGqTEKFrJhcgQnceRODNtHxOaOyRFfCwuRFjLkJBScEeii43pq6jsaYhQF9mXf2+RCNHu6wt3DuAX1oCJDCe19iHiACeIY4UXNpqzNKoR9JPoSSmZykjM+tIpLQcQJsEIJIqtr8=" type=mp3 song="{Id:2672685523 Name:洛阳赋 Alg: Duration:3m12.912s Artists:[{Id:60480342 Name:于吉} {Id:48575393 Name:鹿子皓}] Album:{Id:261998318 Name:洛阳赋 PicUrl:http://p2.music.126.net/3vfB1tZDCPIp0y8Exve2mg==/109951170459951116.jpg Artists:[]}}"
time=2025-02-11T18:10:12.075+08:00 level=INFO source=/go/src/go-musicfox/internal/player/beep_player.go:205 msg="current song sample rate" sample_rate=48000
time=2025-02-11T18:10:12.113+08:00 level=ERROR source=/go/src/go-musicfox/internal/lastfm/api.go:51 msg="Lastfm other err" error="empty session key\ngithub.com/go-musicfox/go-musicfox/internal/lastfm.(*Client).UpdateNowPlaying\n\t/go/src/go-musicfox/internal/lastfm/api.go:91\ngithub.com/go-musicfox/go-musicfox/internal/lastfm.Report.func1\n\t/go/src/go-musicfox/internal/lastfm/api.go:148\nruntime.goexit\n\t/usr/local/go/src/runtime/asm_amd64.s:1695"
time=2025-02-11T18:10:12.587+08:00 level=INFO source=/go/src/go-musicfox/utils/storagex/download.go:195 msg=缓存歌曲成功 file=2672685523-2.mp3
time=2025-02-11T18:13:25.150+08:00 level=INFO source=/go/src/go-musicfox/utils/storagex/cache.go:102 msg="get play url of song" song=522352195 level=higher
time=2025-02-11T18:13:25.406+08:00 level=INFO source=:0 msg="UnGzip error: gzip: invalid header"
time=2025-02-11T18:13:25.406+08:00 level=INFO source=/go/src/go-musicfox/vendor/github.com/cnsilvan/UnblockNeteaseMusic/provider/provider.go:68 msg="find song info" music="{Quality:ExHigh(2) Id:522352195}"
time=2025-02-11T18:13:25.583+08:00 level=INFO source=/go/src/go-musicfox/vendor/github.com/cnsilvan/UnblockNeteaseMusic/provider/provider.go:163 msg="search song:连名带姓 张惠妹"
time=2025-02-11T18:13:26.307+08:00 level=INFO source=/go/src/go-musicfox/vendor/github.com/cnsilvan/UnblockNeteaseMusic/provider/provider.go:197 msg=consumed time=723.581306ms
time=2025-02-11T18:13:26.307+08:00 level=INFO source=/go/src/go-musicfox/vendor/github.com/cnsilvan/UnblockNeteaseMusic/provider/provider.go:165 msg="{\"Id\":\"522352195\",\"Size\":5337956,\"Br\":128000,\"Url\":\"http://er.sycdn.kuwo.cn/0b08771e4efde207dbb65b36aa947a1c/67ab22e8/resource/30106/trackmedia/M500002ZqDLe2jik1v.mp3?bitrate\",\"Md5\":\"\",\"Name\":\"连名带姓\",\"Artist\":\"张惠妹\",\"AlbumName\":\"偷故事的人\",\"MatchScore\":1,\"Source\":\"kuwo\"}\n"
time=2025-02-11T18:13:26.307+08:00 level=INFO source=/go/src/go-musicfox/utils/storagex/cache.go:141 msg="music size" size="5.09 MB"
time=2025-02-11T18:13:26.307+08:00 level=INFO source=/go/src/go-musicfox/internal/ui/player.go:460 msg="Start play song" url=http://er.sycdn.kuwo.cn/0b08771e4efde207dbb65b36aa947a1c/67ab22e8/resource/30106/trackmedia/M500002ZqDLe2jik1v.mp3?bitrate type=mp3 song="{Id:522352195 Name:连名带姓 Alg: Duration:5m33.549s Artists:[{Id:10559 Name:张惠妹}] Album:{Id:36941045 Name:偷故事的人 PicUrl:http://p2.music.126.net/SbJdGLDz9V1_sLffpjMU8g==/109951163079119875.jpg Artists:[]}}"
time=2025-02-11T18:13:26.342+08:00 level=ERROR source=/go/src/go-musicfox/internal/lastfm/api.go:51 msg="Lastfm other err" error="empty session key\ngithub.com/go-musicfox/go-musicfox/internal/lastfm.(*Client).UpdateNowPlaying\n\t/go/src/go-musicfox/internal/lastfm/api.go:91\ngithub.com/go-musicfox/go-musicfox/internal/lastfm.Report.func1\n\t/go/src/go-musicfox/internal/lastfm/api.go:148\nruntime.goexit\n\t/usr/local/go/src/runtime/asm_amd64.s:1695"
time=2025-02-11T18:13:26.449+08:00 level=INFO source=/go/src/go-musicfox/internal/player/beep_player.go:205 msg="current song sample rate" sample_rate=44100
time=2025-02-11T18:13:26.905+08:00 level=INFO source=/go/src/go-musicfox/utils/storagex/download.go:195 msg=缓存歌曲成功 file=522352195-2.mp3
